; STKD=4 MINREF=0/END=30 ARGS: OFF=34/MINREF=34/END=134/SHADOW=0
; SAVEDREGS: ebp.4,ebx.4,edi.4,esi.4
; ????-BLOCK 0 FAKE [START=786B END=786B] MINREFS: STK=0/ARG=34, MAXBSP: 0

; ????-BLOCK 1 PROP COMB [START=786B END=7877] MINREFS: STK=0/ARG=34, MAXBSP: 20
; USE-DEF LISTS ARE NOT READY
 mov     #0.1, cf.1              ; 786F u=           d=cf.1
 mov     #0.1, zf.1              ; 786F u=           d=zf.1
 mov     #0.1, of.1              ; 786F u=           d=of.1
 und     sf.1                    ; 786F u=           d=sf.1
 und     pf.1                    ; 786F u=           d=pf.1
 mov     #0x7877.4, %0x0.4       ; 7872 u=           d=sp+0.4

; ????-BLOCK 2 PROP COMB PUSH [START=7877 END=7892] MINREFS: STK=0/ARG=34, MAXBSP: 4
; USE: esp.4,sp+0.4,arg+0.8,(rax.8,ecx.4,ebp.4,fst0.12,fst1.12,fst2.12,fst3.12,fst4.12,fst5.12,fst6.12,fst7.12,mm0.8,mm1.8,mm2.8,mm3.8,mm4.8,mm5.8,mm6.8,mm7.8,xmm0.16,xmm1.16,xmm2.16,xmm3.16,xmm4.16,xmm5.16,xmm6.16,xmm7.16,xmm8.16,xmm9.16,xmm10.16,xmm11.16,xmm12.16,xmm13.16,xmm14.16,xmm15.16,GLBLOW,sp+4..,arg+8..,GLBHIGH)
; DEF: cf.1,zf.1,sf.1,of.1,pf.1,ebx.4,esp.4,rdi.8,sp+4.4,(rax.8,ecx.4,fps.2,fst7.12,fl.1,c0.1,c2.1,c3.1,df.1,if.1,xmm0.16,GLBLOW,sp+0.4,sp+8..,RET,ARGS,GLBHIGH)
; DNU: cf.1,zf.1,sf.1,of.1,pf.1,esp.4
 pop     ebx.4                   ; 7877 u=esp.4,sp+0.4 d=ebx.4,esp.4
 cfadd    (&($off_18C48).4-#0x7877.4) , ebx.4, cf.1 ; 7878 lowaddr(l) u=ebx.4      d=cf.1
 ofadd    (&($off_18C48).4-#0x7877.4) , ebx.4, of.1 ; 7878 lowaddr(l) u=ebx.4      d=of.1
 setz     ( (&($off_18C48).4-#0x7877.4) +ebx.4) , #0.4, zf.1 ; 7878 u=ebx.4      d=zf.1
 setp     ( (&($off_18C48).4-#0x7877.4) +ebx.4) , #0.4, pf.1 ; 7878 u=ebx.4      d=pf.1
 sets     ( (&($off_18C48).4-#0x7877.4) +ebx.4) , sf.1 ; 7878 u=ebx.4      d=sf.1
 add      (&($off_18C48).4-#0x7877.4) , ebx.4, ebx.4 ; 7878 lowaddr(l) u=ebx.4      d=ebx.4
 mov     %arg_4.4, esi.4         ; 787E u=arg+4.4    d=esi.4
 mov     %arg_0.4, edi.4         ; 7882 u=arg+0.4    d=edi.4
 mov     #0xC.4, %size.4         ; 7886 u=           d=sp+4.4
 call    $sub_4030               ; 788D u=(rax.8,rcx.8,ebp.4,rdi.8,fst0.12,fst1.12,fst2.12,fst3.12,fst4.12,fst5.12,fst6.12,fst7.12,mm0.8,mm1.8,mm2.8,mm3.8,mm4.8,mm5.8,mm6.8,mm7.8,xmm0.16,xmm1.16,xmm2.16,xmm3.16,xmm4.16,xmm5.16,xmm6.16,xmm7.16,xmm8.16,xmm9.16,xmm10.16,xmm11.16,xmm12.16,xmm13.16,xmm14.16,xmm15.16,GLBLOW,LVARS,ARGS,GLBHIGH) d=(cf.1,zf.1,sf.1,of.1,pf.1,rax.8,ecx.4,fps.2,fst7.12,fl.1,c0.1,c2.1,c3.1,df.1,if.1,xmm0.16,ALLMEM)

; ????-BLOCK 3 PROP COMB PUSH [START=7892 END=78B5] MINREFS: STK=0/ARG=34, MAXBSP: 4
; USE: eax.4,ebx.4,edi.4,ds.2,(edx.4,esi.4,fst0.12,fst1.12,fst2.12,fst3.12,fst4.12,fst5.12,fst6.12,fst7.12,mm0.8,mm1.8,mm2.8,mm3.8,mm4.8,mm5.8,mm6.8,mm7.8,xmm0.16,xmm1.16,xmm2.16,xmm3.16,xmm4.16,xmm5.16,xmm6.16,xmm7.16,xmm8.16,xmm9.16,xmm10.16,xmm11.16,xmm12.16,xmm13.16,xmm14.16,xmm15.16,GLBLOW,LVARS,ARGS,GLBHIGH)
; DEF: cf.1,zf.1,sf.1,of.1,pf.1,ecx.4,ebp.4,sp+4.4,sp+1C.4,(rax.8,fps.2,fst7.12,fl.1,c0.1,c2.1,c3.1,df.1,if.1,xmm0.16,GLBLOW,sp+0.4,sp+8..1C,sp+20..,RET,ARGS,GLBHIGH)
; DNU: cf.1,zf.1,sf.1,of.1,pf.1
 add      (&($off_188FC).4-#0x18C48.4) , ebx.4, ecx.4 ; 7892 lowaddr(l) u=ebx.4      d=ecx.4
 stx     ecx.4, ds.2, eax.4      ; 7898 u=eax.4,ecx.4,ds.2 d=(GLBLOW,LVARS,ARGS,GLBHIGH)
 stx     #0.4, ds.2,  (eax.4+#4.4)  ; 789A u=eax.4,ds.2 d=(GLBLOW,LVARS,ARGS,GLBHIGH)
 mov     #0.1, cf.1              ; 789E u=           d=cf.1
 mov     #0.1, of.1              ; 789E u=           d=of.1
 mov     #1.1, zf.1              ; 789E u=           d=zf.1
 setp    #0.4, #0.4, pf.1        ; 789E u=           d=pf.1
 mov     #0.1, sf.1              ; 789E u=           d=sf.1
 stx     #0.4, ds.2,  (eax.4+#8.4)  ; 789E u=eax.4,ds.2 d=(GLBLOW,LVARS,ARGS,GLBHIGH)
 mov     eax.4, %var_14.4        ; 78A2 u=eax.4      d=sp+1C.4
 ldx     ds.2,  (edi.4+#4.4) , ebp.4 ; 78A6 u=edi.4,ds.2,(GLBLOW,LVARS,ARGS,GLBHIGH) d=ebp.4
 mov     #0x18.4, %size.4        ; 78A9 u=           d=sp+4.4
 call    $sub_4030               ; 78B0 u=(rax.8,rcx.8,ebp.4,rdi.8,fst0.12,fst1.12,fst2.12,fst3.12,fst4.12,fst5.12,fst6.12,fst7.12,mm0.8,mm1.8,mm2.8,mm3.8,mm4.8,mm5.8,mm6.8,mm7.8,xmm0.16,xmm1.16,xmm2.16,xmm3.16,xmm4.16,xmm5.16,xmm6.16,xmm7.16,xmm8.16,xmm9.16,xmm10.16,xmm11.16,xmm12.16,xmm13.16,xmm14.16,xmm15.16,GLBLOW,LVARS,ARGS,GLBHIGH) d=(cf.1,zf.1,sf.1,of.1,pf.1,rax.8,ecx.4,fps.2,fst7.12,fl.1,c0.1,c2.1,c3.1,df.1,if.1,xmm0.16,ALLMEM)

; ????-BLOCK 4 PROP COMB PUSH [START=78B5 END=78EF] MINREFS: STK=0/ARG=34, MAXBSP: 4
; USE: eax.4,ebx.4,ebp.4,edi.4,cs.2,ds.2,sp+1C.4,(edx.4,esi.4,fst0.12,fst1.12,fst2.12,fst3.12,fst4.12,fst5.12,fst6.12,fst7.12,mm0.8,mm1.8,mm2.8,mm3.8,mm4.8,mm5.8,mm6.8,mm7.8,xmm0.16,xmm1.16,xmm2.16,xmm3.16,xmm4.16,xmm5.16,xmm6.16,xmm7.16,xmm8.16,xmm9.16,xmm10.16,xmm11.16,xmm12.16,xmm13.16,xmm14.16,xmm15.16,GLBLOW,sp+0..1C,sp+20..,ARGS,GLBHIGH)
; DEF: ecx.4,sp+4.8,(cf.1,zf.1,sf.1,of.1,pf.1,rax.8,fps.2,fst7.12,fl.1,c0.1,c2.1,c3.1,df.1,if.1,xmm0.16,GLBLOW,sp+0.4,sp+C..,RET,ARGS,GLBHIGH)
 mov     %var_14.4, ecx.4        ; 78B5 u=sp+1C.4    d=ecx.4
 stx     #2.4, ds.2, eax.4       ; 78B9 u=eax.4,ds.2 d=(GLBLOW,LVARS,ARGS,GLBHIGH)
 stx     ecx.4, ds.2,  (eax.4+#4.4)  ; 78BF u=eax.4,ecx.4,ds.2 d=(GLBLOW,LVARS,ARGS,GLBHIGH)
 add      (&($sub_795E).4-#0x18C48.4) , ebx.4, ecx.4 ; 78C2 lowaddr(l) u=ebx.4      d=ecx.4
 stx     ecx.4, ds.2,  (eax.4+#8.4)  ; 78C8 u=eax.4,ecx.4,ds.2 d=(GLBLOW,LVARS,ARGS,GLBHIGH)
 add      (&($sub_7984).4-#0x18C48.4) , ebx.4, ecx.4 ; 78CB lowaddr(l) u=ebx.4      d=ecx.4
 stx     ecx.4, ds.2,  (eax.4+#0xC.4)  ; 78D1 u=eax.4,ecx.4,ds.2 d=(GLBLOW,LVARS,ARGS,GLBHIGH)
 add      (&($sub_79AA).4-#0x18C48.4) , ebx.4, ecx.4 ; 78D4 lowaddr(l) u=ebx.4      d=ecx.4
 stx     ecx.4, ds.2,  (eax.4+#0x10.4)  ; 78DA u=eax.4,ecx.4,ds.2 d=(GLBLOW,LVARS,ARGS,GLBHIGH)
 add      (&($sub_79D0).4-#0x18C48.4) , ebx.4, ecx.4 ; 78DD lowaddr(l) u=ebx.4      d=ecx.4
 stx     ecx.4, ds.2,  (eax.4+#0x14.4)  ; 78E3 u=eax.4,ecx.4,ds.2 d=(GLBLOW,LVARS,ARGS,GLBHIGH)
 mov     eax.4, %var_28.4        ; 78E6 u=eax.4      d=sp+8.4
 mov     edi.4, %size.4          ; 78EA u=edi.4      d=sp+4.4
 icall   cs.2, ebp.4             ; 78ED u=ebp.4,cs.2,(rax.8,rcx.8,rdi.8,fst0.12,fst1.12,fst2.12,fst3.12,fst4.12,fst5.12,fst6.12,fst7.12,mm0.8,mm1.8,mm2.8,mm3.8,mm4.8,mm5.8,mm6.8,mm7.8,xmm0.16,xmm1.16,xmm2.16,xmm3.16,xmm4.16,xmm5.16,xmm6.16,xmm7.16,xmm8.16,xmm9.16,xmm10.16,xmm11.16,xmm12.16,xmm13.16,xmm14.16,xmm15.16,GLBLOW,LVARS,ARGS,GLBHIGH) d=(cf.1,zf.1,sf.1,of.1,pf.1,rax.8,ecx.4,fps.2,fst7.12,fl.1,c0.1,c2.1,c3.1,df.1,if.1,xmm0.16,ALLMEM)

; ????-BLOCK 5 PROP COMB [START=78EF END=78FD] MINREFS: STK=0/ARG=34, MAXBSP: 4
; USE: al.1
; DEF: eax.4,ebp.4,sp+1B.1
; DNU: eax.4,ebp.4
 mov     al.1, %var_15.1         ; 78EF u=al.1       d=sp+1B.1
 mov     #0x6EBD5020.4, eax.4    ; 78F3 u=           d=eax.4
 mov     #0x26CBC5F6.4, ebp.4    ; 78F8 u=           d=ebp.4

; ????-BLOCK 6 PROP COMB [START=78FD END=7904] MINREFS: STK=0/ARG=34, MAXBSP: 4
; USE: eax.4
; DEF: cf.1,zf.1,sf.1,of.1,pf.1
; DNU: cf.1,sf.1,of.1,pf.1
 setb    eax.4, #0xAA0ED56C.4, cf.1 ; 78FD u=eax.4      d=cf.1
 seto    eax.4, #0xAA0ED56C.4, of.1 ; 78FD u=eax.4      d=of.1
 setz     (eax.4+#0x55F12A94.4) , #0.4, zf.1 ; 78FD u=eax.4      d=zf.1
 setp     (eax.4+#0x55F12A94.4) , #0.4, pf.1 ; 78FD u=eax.4      d=pf.1
 sets     (eax.4+#0x55F12A94.4) , sf.1 ; 78FD u=eax.4      d=sf.1
 jcnd    zf.1, $loc_7956         ; 7902 u=zf.1

; ????-BLOCK 7 PROP COMB [START=7904 END=790B] MINREFS: STK=0/ARG=34, MAXBSP: 4
; USE: eax.4
; DEF: cf.1,zf.1,sf.1,of.1,pf.1
; DNU: cf.1,sf.1,of.1,pf.1
 setb    eax.4, #0x26CBC5F6.4, cf.1 ; 7904 u=eax.4      d=cf.1
 seto    eax.4, #0x26CBC5F6.4, of.1 ; 7904 u=eax.4      d=of.1
 setz    eax.4, #0x26CBC5F6.4, zf.1 ; 7904 u=eax.4      d=zf.1
 setp    eax.4, #0x26CBC5F6.4, pf.1 ; 7904 u=eax.4      d=pf.1
 sets     (eax.4-#0x26CBC5F6.4) , sf.1 ; 7904 u=eax.4      d=sf.1
 jcnd    zf.1, $loc_7928         ; 7909 u=zf.1

; ????-BLOCK 8 PROP COMB [START=790B END=7912] MINREFS: STK=0/ARG=34, MAXBSP: 4
; USE: eax.4
; DEF: cf.1,zf.1,sf.1,of.1,pf.1
; DNU: cf.1,sf.1,of.1,pf.1
 setb    eax.4, #0x42345504.4, cf.1 ; 790B u=eax.4      d=cf.1
 seto    eax.4, #0x42345504.4, of.1 ; 790B u=eax.4      d=of.1
 setz    eax.4, #0x42345504.4, zf.1 ; 790B u=eax.4      d=zf.1
 setp    eax.4, #0x42345504.4, pf.1 ; 790B u=eax.4      d=pf.1
 sets     (eax.4-#0x42345504.4) , sf.1 ; 790B u=eax.4      d=sf.1
 jcnd    zf.1, $loc_794F         ; 7910 u=zf.1

; ????-BLOCK 9 PROP COMB [START=7912 END=7919] MINREFS: STK=0/ARG=34, MAXBSP: 4
; USE: eax.4
; DEF: cf.1,zf.1,sf.1,of.1,pf.1
; DNU: cf.1,sf.1,of.1,pf.1
 setb    eax.4, #0x6EBD5020.4, cf.1 ; 7912 u=eax.4      d=cf.1
 seto    eax.4, #0x6EBD5020.4, of.1 ; 7912 u=eax.4      d=of.1
 setz    eax.4, #0x6EBD5020.4, zf.1 ; 7912 u=eax.4      d=zf.1
 setp    eax.4, #0x6EBD5020.4, pf.1 ; 7912 u=eax.4      d=pf.1
 sets     (eax.4-#0x6EBD5020.4) , sf.1 ; 7912 u=eax.4      d=sf.1
 jcnd     lnot(zf.1) , $loc_78FD   ; 7917 u=zf.1

; ????-BLOCK 10 PROP COMB [START=7919 END=7926] MINREFS: STK=0/ARG=34, MAXBSP: 4
; USE: sp+1B.1
; DEF: cf.1,zf.1,sf.1,of.1,pf.1,eax.4
; DNU: cf.1,sf.1,of.1,pf.1,eax.4
 mov     #0.1, cf.1              ; 7919 u=           d=cf.1
 mov     #0.1, of.1              ; 7919 u=           d=of.1
 setz    %var_15.1, #0.1, zf.1   ; 7919 u=sp+1B.1    d=zf.1
 setp    %var_15.1, #0.1, pf.1   ; 7919 u=sp+1B.1    d=pf.1
 sets    %var_15.1, sf.1         ; 7919 u=sp+1B.1    d=sf.1
 mov     #0x42345504.4, eax.4    ; 791E u=           d=eax.4
 jcnd    zf.1, $loc_7926         ; 7923 u=zf.1

; ????-BLOCK 11 PROP FAKE [START=7923 END=7926] MINREFS: STK=0/ARG=34, MAXBSP: 4
; USE: ebp.4
; DEF: eax.4
; DNU: eax.4
 mov     ebp.4, eax.4            ; 7923 u=ebp.4      d=eax.4

; ????-BLOCK 12 PROP COMB [START=7926 END=7928] MINREFS: STK=0/ARG=34, MAXBSP: 4
 goto    $loc_78FD               ; 7926 u=

; ????-BLOCK 13 PROP COMB PUSH [START=7928 END=7934] MINREFS: STK=0/ARG=34, MAXBSP: 4
; USE: (rax.8,rcx.8,ebp.4,rdi.8,fst0.12,fst1.12,fst2.12,fst3.12,fst4.12,fst5.12,fst6.12,fst7.12,mm0.8,mm1.8,mm2.8,mm3.8,mm4.8,mm5.8,mm6.8,mm7.8,xmm0.16,xmm1.16,xmm2.16,xmm3.16,xmm4.16,xmm5.16,xmm6.16,xmm7.16,xmm8.16,xmm9.16,xmm10.16,xmm11.16,xmm12.16,xmm13.16,xmm14.16,xmm15.16,GLBLOW,LVARS,ARGS,GLBHIGH)
; DEF: sp+4.4,(cf.1,zf.1,sf.1,of.1,pf.1,rax.8,ecx.4,fps.2,fst7.12,fl.1,c0.1,c2.1,c3.1,df.1,if.1,xmm0.16,GLBLOW,sp+0.4,sp+8..,RET,ARGS,GLBHIGH)
 mov     #4.4, %size.4           ; 7928 u=           d=sp+4.4
 call    $sub_4030               ; 792F u=(rax.8,rcx.8,ebp.4,rdi.8,fst0.12,fst1.12,fst2.12,fst3.12,fst4.12,fst5.12,fst6.12,fst7.12,mm0.8,mm1.8,mm2.8,mm3.8,mm4.8,mm5.8,mm6.8,mm7.8,xmm0.16,xmm1.16,xmm2.16,xmm3.16,xmm4.16,xmm5.16,xmm6.16,xmm7.16,xmm8.16,xmm9.16,xmm10.16,xmm11.16,xmm12.16,xmm13.16,xmm14.16,xmm15.16,GLBLOW,LVARS,ARGS,GLBHIGH) d=(cf.1,zf.1,sf.1,of.1,pf.1,rax.8,ecx.4,fps.2,fst7.12,fl.1,c0.1,c2.1,c3.1,df.1,if.1,xmm0.16,ALLMEM)

; ????-BLOCK 14 PROP COMB PUSH [START=7934 END=794F] MINREFS: STK=0/ARG=34, MAXBSP: 4
; USE: eax.4,rdi.8,cs.2,ds.2,(ebx.4,ebp.4,fst0.12,fst1.12,fst2.12,fst3.12,fst4.12,fst5.12,fst6.12,fst7.12,mm0.8,mm1.8,mm2.8,mm3.8,mm4.8,mm5.8,mm6.8,mm7.8,xmm0.16,xmm1.16,xmm2.16,xmm3.16,xmm4.16,xmm5.16,xmm6.16,xmm7.16,xmm8.16,xmm9.16,xmm10.16,xmm11.16,xmm12.16,xmm13.16,xmm14.16,xmm15.16,GLBLOW,LVARS,ARGS,GLBHIGH)
; DEF: edx.4,ecx.4,sp+4.C,(cf.1,zf.1,sf.1,of.1,pf.1,eax.4,fps.2,fst7.12,fl.1,c0.1,c2.1,c3.1,df.1,if.1,xmm0.16,GLBLOW,sp+0.4,sp+10..,RET,ARGS,GLBHIGH)
 stx     edi.4, ds.2, eax.4      ; 7934 u=eax.4,edi.4,ds.2 d=(GLBLOW,LVARS,ARGS,GLBHIGH)
 mov     %var_14.4, ecx.4        ; 7936 u=sp+1C.4    d=ecx.4
 ldx     ds.2, ecx.4, ecx.4      ; 793A u=ecx.4,ds.2,(GLBLOW,LVARS,ARGS,GLBHIGH) d=ecx.4
 ldx     ds.2, ecx.4, ecx.4      ; 793C u=ecx.4,ds.2,(GLBLOW,LVARS,ARGS,GLBHIGH) d=ecx.4
 mov     %var_14.4, edx.4        ; 793E u=sp+1C.4    d=edx.4
 mov     esi.4, %var_24.4        ; 7942 u=esi.4      d=sp+C.4
 mov     eax.4, %var_28.4        ; 7946 u=eax.4      d=sp+8.4
 mov     edx.4, %size.4          ; 794A u=edx.4      d=sp+4.4
 icall   cs.2, ecx.4             ; 794D u=ecx.4,cs.2,(rax.8,ebx.4,ebp.4,rdi.8,fst0.12,fst1.12,fst2.12,fst3.12,fst4.12,fst5.12,fst6.12,fst7.12,mm0.8,mm1.8,mm2.8,mm3.8,mm4.8,mm5.8,mm6.8,mm7.8,xmm0.16,xmm1.16,xmm2.16,xmm3.16,xmm4.16,xmm5.16,xmm6.16,xmm7.16,xmm8.16,xmm9.16,xmm10.16,xmm11.16,xmm12.16,xmm13.16,xmm14.16,xmm15.16,GLBLOW,LVARS,ARGS,GLBHIGH) d=(cf.1,zf.1,sf.1,of.1,pf.1,rax.8,ecx.4,fps.2,fst7.12,fl.1,c0.1,c2.1,c3.1,df.1,if.1,xmm0.16,ALLMEM)

; ????-BLOCK 15 PROP COMB [START=794F END=7956] MINREFS: STK=0/ARG=34, MAXBSP: 4
; DEF: eax.4
; DNU: eax.4
 mov     #0xAA0ED56C.4, eax.4    ; 794F u=           d=eax.4
 goto    $loc_78FD               ; 7954 u=

; ????-BLOCK 16 PROP COMB PUSH [START=7956 END=795E] MINREFS: STK=0/ARG=34, MAXBSP: 30
 ret                             ; 795D u=

; STOP-BLOCK 17 PROP FAKE [START=FFFFFFFF END=FFFFFFFF] MINREFS: STK=0/ARG=34, MAXBSP: 0

