; STKD=4 MINREF=0/END=30 ARGS: OFF=34/MINREF=34/END=134/SHADOW=0
; SAVEDREGS: ebp.4,ebx.4,edi.4,esi.4
; ????-BLOCK 0 PROP FAKE [START=786B END=786B] MINREFS: STK=0/ARG=34, MAXBSP: 0

; ????-BLOCK 1 PROP PUSH [START=786B END=7877] MINREFS: STK=0/ARG=34, MAXBSP: 20
; USE-DEF LISTS ARE NOT READY
 mov     #0.1, cf.1              ; 786F u=           d=cf.1
 mov     #0.1, zf.1              ; 786F u=           d=zf.1
 mov     #0.1, of.1              ; 786F u=           d=of.1
 und     sf.1                    ; 786F u=           d=sf.1
 und     pf.1                    ; 786F u=           d=pf.1
 mov     #0x7877.4, ett.4        ; 7872 u=           d=ett.4
 nop                             ; 7872 u=
 push    #0x7877.4               ; 7872 u=esp.4      d=esp.4,sp+0.4
 mov     cs.2, seg.2             ; 7872 u=cs.2       d=seg.2
 mov     #0x7877.4, eoff.4       ; 7872 u=           d=eoff.4

; ????-BLOCK 2 PROP PUSH [START=7877 END=7892] MINREFS: STK=0/ARG=34, MAXBSP: 4
; USE-DEF LISTS ARE NOT READY
 nop                             ; 7877 u=
 pop     ebx.4                   ; 7877 u=esp.4,sp+0.4 d=ebx.4,esp.4
 sub     &($off_18C48).4, #0x7877.4, et1.4 ; 7878 lowaddr(d) u=           d=et1.4
 cfadd   et1.4, ebx.4, cf.1      ; 7878 u=ebx.4,et1.4 d=cf.1
 ofadd   et1.4, ebx.4, of.1      ; 7878 u=ebx.4,et1.4 d=of.1
 add     et1.4, ebx.4, ett.4     ; 7878 u=ebx.4,et1.4 d=ett.4
 setz    ett.4, #0.4, zf.1       ; 7878 u=ett.4      d=zf.1
 setp    ett.4, #0.4, pf.1       ; 7878 u=ett.4      d=pf.1
 sets    ett.4, sf.1             ; 7878 u=ett.4      d=sf.1
 mov     ett.4, ebx.4            ; 7878 u=ett.4      d=ebx.4
 mov     esp.4, eoff.4           ; 787E u=esp.4      d=eoff.4
 mov     ss.2, seg.2             ; 787E u=ss.2       d=seg.2
 add     eoff.4, #0x34.4, eoff.4 ; 787E u=eoff.4     d=eoff.4
 ldx     seg.2, eoff.4, et1.4    ; 787E u=eoff.4,seg.2,(GLBLOW,LVARS,ARGS,GLBHIGH) d=et1.4
 mov     et1.4, esi.4            ; 787E u=et1.4      d=esi.4
 mov     esp.4, eoff.4           ; 7882 u=esp.4      d=eoff.4
 mov     ss.2, seg.2             ; 7882 u=ss.2       d=seg.2
 add     eoff.4, #0x30.4, eoff.4 ; 7882 u=eoff.4     d=eoff.4
 ldx     seg.2, eoff.4, et1.4    ; 7882 u=eoff.4,seg.2,(GLBLOW,LVARS,ARGS,GLBHIGH) d=et1.4
 mov     et1.4, edi.4            ; 7882 u=et1.4      d=edi.4
 mov     #0xC.4, et1.4           ; 7886 u=           d=et1.4
 mov     et1.4, et0.4            ; 7886 u=et1.4      d=et0.4
 mov     esp.4, eoff.4           ; 7886 u=esp.4      d=eoff.4
 mov     ss.2, seg.2             ; 7886 u=ss.2       d=seg.2
 stx     et0.4, seg.2, eoff.4    ; 7886 u=et0.4,eoff.4,seg.2 d=(GLBLOW,LVARS,ARGS,GLBHIGH)
 mov     #0x7892.4, ett.4        ; 788D u=           d=ett.4
 nop                             ; 788D u=
 nop                             ; 788D u=
 mov     cs.2, seg.2             ; 788D u=cs.2       d=seg.2
 mov     #0x4030.4, eoff.4       ; 788D u=           d=eoff.4
 call    $sub_4030               ; 788D u=(rax.8,rcx.8,ebp.4,rdi.8,fst0.12,fst1.12,fst2.12,fst3.12,fst4.12,fst5.12,fst6.12,fst7.12,mm0.8,mm1.8,mm2.8,mm3.8,mm4.8,mm5.8,mm6.8,mm7.8,xmm0.16,xmm1.16,xmm2.16,xmm3.16,xmm4.16,xmm5.16,xmm6.16,xmm7.16,xmm8.16,xmm9.16,xmm10.16,xmm11.16,xmm12.16,xmm13.16,xmm14.16,xmm15.16,GLBLOW,LVARS,ARGS,GLBHIGH) d=(cf.1,zf.1,sf.1,of.1,pf.1,rax.8,ecx.4,fps.2,fst7.12,fl.1,c0.1,c2.1,c3.1,df.1,if.1,xmm0.16,ALLMEM)

; ????-BLOCK 3 PROP PUSH [START=7892 END=78B5] MINREFS: STK=0/ARG=34, MAXBSP: 4
; USE-DEF LISTS ARE NOT READY
 mov     ebx.4, et1.4            ; 7892 u=ebx.4      d=et1.4
 add      (&($off_188FC).4-#0x18C48.4) , et1.4, et1.4 ; 7892 lowaddr(l) u=et1.4      d=et1.4
 mov     et1.4, ecx.4            ; 7892 u=et1.4      d=ecx.4
 mov     ecx.4, et0.4            ; 7898 u=ecx.4      d=et0.4
 mov     eax.4, eoff.4           ; 7898 u=eax.4      d=eoff.4
 mov     ds.2, seg.2             ; 7898 u=ds.2       d=seg.2
 stx     et0.4, seg.2, eoff.4    ; 7898 u=et0.4,eoff.4,seg.2 d=(GLBLOW,LVARS,ARGS,GLBHIGH)
 mov     eax.4, eoff.4           ; 789A u=eax.4      d=eoff.4
 mov     ds.2, seg.2             ; 789A u=ds.2       d=seg.2
 add     eoff.4, #4.4, eoff.4    ; 789A u=eoff.4     d=eoff.4
 ldx     seg.2, eoff.4, et0.4    ; 789A u=eoff.4,seg.2,(GLBLOW,LVARS,ARGS,GLBHIGH) d=et0.4
 mov     #0.4, et1.4             ; 789A u=           d=et1.4
 and     et1.4, et0.4, et0.4     ; 789A u=et0.4,et1.4 d=et0.4
 mov     #0.1, cf.1              ; 789A u=           d=cf.1
 mov     #0.1, of.1              ; 789A u=           d=of.1
 setz    et0.4, #0.4, zf.1       ; 789A u=et0.4      d=zf.1
 setp    et0.4, #0.4, pf.1       ; 789A u=et0.4      d=pf.1
 sets    et0.4, sf.1             ; 789A u=et0.4      d=sf.1
 stx     et0.4, seg.2, eoff.4    ; 789A u=et0.4,eoff.4,seg.2 d=(GLBLOW,LVARS,ARGS,GLBHIGH)
 mov     eax.4, eoff.4           ; 789E u=eax.4      d=eoff.4
 mov     ds.2, seg.2             ; 789E u=ds.2       d=seg.2
 add     eoff.4, #8.4, eoff.4    ; 789E u=eoff.4     d=eoff.4
 ldx     seg.2, eoff.4, et0.4    ; 789E u=eoff.4,seg.2,(GLBLOW,LVARS,ARGS,GLBHIGH) d=et0.4
 mov     #0.4, et1.4             ; 789E u=           d=et1.4
 and     et1.4, et0.4, et0.4     ; 789E u=et0.4,et1.4 d=et0.4
 mov     #0.1, cf.1              ; 789E u=           d=cf.1
 mov     #0.1, of.1              ; 789E u=           d=of.1
 setz    et0.4, #0.4, zf.1       ; 789E u=et0.4      d=zf.1
 setp    et0.4, #0.4, pf.1       ; 789E u=et0.4      d=pf.1
 sets    et0.4, sf.1             ; 789E u=et0.4      d=sf.1
 stx     et0.4, seg.2, eoff.4    ; 789E u=et0.4,eoff.4,seg.2 d=(GLBLOW,LVARS,ARGS,GLBHIGH)
 mov     eax.4, et0.4            ; 78A2 u=eax.4      d=et0.4
 mov     esp.4, eoff.4           ; 78A2 u=esp.4      d=eoff.4
 mov     ss.2, seg.2             ; 78A2 u=ss.2       d=seg.2
 add     eoff.4, #0x18.4, eoff.4 ; 78A2 u=eoff.4     d=eoff.4
 stx     et0.4, seg.2, eoff.4    ; 78A2 u=et0.4,eoff.4,seg.2 d=(GLBLOW,LVARS,ARGS,GLBHIGH)
 mov     edi.4, eoff.4           ; 78A6 u=edi.4      d=eoff.4
 mov     ds.2, seg.2             ; 78A6 u=ds.2       d=seg.2
 add     eoff.4, #4.4, eoff.4    ; 78A6 u=eoff.4     d=eoff.4
 ldx     seg.2, eoff.4, et1.4    ; 78A6 u=eoff.4,seg.2,(GLBLOW,LVARS,ARGS,GLBHIGH) d=et1.4
 mov     et1.4, ebp.4            ; 78A6 u=et1.4      d=ebp.4
 mov     #0x18.4, et1.4          ; 78A9 u=           d=et1.4
 mov     et1.4, et0.4            ; 78A9 u=et1.4      d=et0.4
 mov     esp.4, eoff.4           ; 78A9 u=esp.4      d=eoff.4
 mov     ss.2, seg.2             ; 78A9 u=ss.2       d=seg.2
 stx     et0.4, seg.2, eoff.4    ; 78A9 u=et0.4,eoff.4,seg.2 d=(GLBLOW,LVARS,ARGS,GLBHIGH)
 mov     #0x78B5.4, ett.4        ; 78B0 u=           d=ett.4
 nop                             ; 78B0 u=
 nop                             ; 78B0 u=
 mov     cs.2, seg.2             ; 78B0 u=cs.2       d=seg.2
 mov     #0x4030.4, eoff.4       ; 78B0 u=           d=eoff.4
 call    $sub_4030               ; 78B0 u=(rax.8,rcx.8,ebp.4,rdi.8,fst0.12,fst1.12,fst2.12,fst3.12,fst4.12,fst5.12,fst6.12,fst7.12,mm0.8,mm1.8,mm2.8,mm3.8,mm4.8,mm5.8,mm6.8,mm7.8,xmm0.16,xmm1.16,xmm2.16,xmm3.16,xmm4.16,xmm5.16,xmm6.16,xmm7.16,xmm8.16,xmm9.16,xmm10.16,xmm11.16,xmm12.16,xmm13.16,xmm14.16,xmm15.16,GLBLOW,LVARS,ARGS,GLBHIGH) d=(cf.1,zf.1,sf.1,of.1,pf.1,rax.8,ecx.4,fps.2,fst7.12,fl.1,c0.1,c2.1,c3.1,df.1,if.1,xmm0.16,ALLMEM)

; ????-BLOCK 4 PROP PUSH [START=78B5 END=78EF] MINREFS: STK=0/ARG=34, MAXBSP: 4
; USE-DEF LISTS ARE NOT READY
 mov     esp.4, eoff.4           ; 78B5 u=esp.4      d=eoff.4
 mov     ss.2, seg.2             ; 78B5 u=ss.2       d=seg.2
 add     eoff.4, #0x18.4, eoff.4 ; 78B5 u=eoff.4     d=eoff.4
 ldx     seg.2, eoff.4, et1.4    ; 78B5 u=eoff.4,seg.2,(GLBLOW,LVARS,ARGS,GLBHIGH) d=et1.4
 mov     et1.4, ecx.4            ; 78B5 u=et1.4      d=ecx.4
 mov     #2.4, et1.4             ; 78B9 u=           d=et1.4
 mov     et1.4, et0.4            ; 78B9 u=et1.4      d=et0.4
 mov     eax.4, eoff.4           ; 78B9 u=eax.4      d=eoff.4
 mov     ds.2, seg.2             ; 78B9 u=ds.2       d=seg.2
 stx     et0.4, seg.2, eoff.4    ; 78B9 u=et0.4,eoff.4,seg.2 d=(GLBLOW,LVARS,ARGS,GLBHIGH)
 mov     ecx.4, et0.4            ; 78BF u=ecx.4      d=et0.4
 mov     eax.4, eoff.4           ; 78BF u=eax.4      d=eoff.4
 mov     ds.2, seg.2             ; 78BF u=ds.2       d=seg.2
 add     eoff.4, #4.4, eoff.4    ; 78BF u=eoff.4     d=eoff.4
 stx     et0.4, seg.2, eoff.4    ; 78BF u=et0.4,eoff.4,seg.2 d=(GLBLOW,LVARS,ARGS,GLBHIGH)
 mov     ebx.4, et1.4            ; 78C2 u=ebx.4      d=et1.4
 add      (&($sub_795E).4-#0x18C48.4) , et1.4, et1.4 ; 78C2 lowaddr(l) u=et1.4      d=et1.4
 mov     et1.4, ecx.4            ; 78C2 u=et1.4      d=ecx.4
 mov     ecx.4, et0.4            ; 78C8 u=ecx.4      d=et0.4
 mov     eax.4, eoff.4           ; 78C8 u=eax.4      d=eoff.4
 mov     ds.2, seg.2             ; 78C8 u=ds.2       d=seg.2
 add     eoff.4, #8.4, eoff.4    ; 78C8 u=eoff.4     d=eoff.4
 stx     et0.4, seg.2, eoff.4    ; 78C8 u=et0.4,eoff.4,seg.2 d=(GLBLOW,LVARS,ARGS,GLBHIGH)
 mov     ebx.4, et1.4            ; 78CB u=ebx.4      d=et1.4
 add      (&($sub_7984).4-#0x18C48.4) , et1.4, et1.4 ; 78CB lowaddr(l) u=et1.4      d=et1.4
 mov     et1.4, ecx.4            ; 78CB u=et1.4      d=ecx.4
 mov     ecx.4, et0.4            ; 78D1 u=ecx.4      d=et0.4
 mov     eax.4, eoff.4           ; 78D1 u=eax.4      d=eoff.4
 mov     ds.2, seg.2             ; 78D1 u=ds.2       d=seg.2
 add     eoff.4, #0xC.4, eoff.4  ; 78D1 u=eoff.4     d=eoff.4
 stx     et0.4, seg.2, eoff.4    ; 78D1 u=et0.4,eoff.4,seg.2 d=(GLBLOW,LVARS,ARGS,GLBHIGH)
 mov     ebx.4, et1.4            ; 78D4 u=ebx.4      d=et1.4
 add      (&($sub_79AA).4-#0x18C48.4) , et1.4, et1.4 ; 78D4 lowaddr(l) u=et1.4      d=et1.4
 mov     et1.4, ecx.4            ; 78D4 u=et1.4      d=ecx.4
 mov     ecx.4, et0.4            ; 78DA u=ecx.4      d=et0.4
 mov     eax.4, eoff.4           ; 78DA u=eax.4      d=eoff.4
 mov     ds.2, seg.2             ; 78DA u=ds.2       d=seg.2
 add     eoff.4, #0x10.4, eoff.4 ; 78DA u=eoff.4     d=eoff.4
 stx     et0.4, seg.2, eoff.4    ; 78DA u=et0.4,eoff.4,seg.2 d=(GLBLOW,LVARS,ARGS,GLBHIGH)
 mov     ebx.4, et1.4            ; 78DD u=ebx.4      d=et1.4
 add      (&($sub_79D0).4-#0x18C48.4) , et1.4, et1.4 ; 78DD lowaddr(l) u=et1.4      d=et1.4
 mov     et1.4, ecx.4            ; 78DD u=et1.4      d=ecx.4
 mov     ecx.4, et0.4            ; 78E3 u=ecx.4      d=et0.4
 mov     eax.4, eoff.4           ; 78E3 u=eax.4      d=eoff.4
 mov     ds.2, seg.2             ; 78E3 u=ds.2       d=seg.2
 add     eoff.4, #0x14.4, eoff.4 ; 78E3 u=eoff.4     d=eoff.4
 stx     et0.4, seg.2, eoff.4    ; 78E3 u=et0.4,eoff.4,seg.2 d=(GLBLOW,LVARS,ARGS,GLBHIGH)
 mov     eax.4, et0.4            ; 78E6 u=eax.4      d=et0.4
 mov     esp.4, eoff.4           ; 78E6 u=esp.4      d=eoff.4
 mov     ss.2, seg.2             ; 78E6 u=ss.2       d=seg.2
 add     eoff.4, #4.4, eoff.4    ; 78E6 u=eoff.4     d=eoff.4
 stx     et0.4, seg.2, eoff.4    ; 78E6 u=et0.4,eoff.4,seg.2 d=(GLBLOW,LVARS,ARGS,GLBHIGH)
 mov     edi.4, et0.4            ; 78EA u=edi.4      d=et0.4
 mov     esp.4, eoff.4           ; 78EA u=esp.4      d=eoff.4
 mov     ss.2, seg.2             ; 78EA u=ss.2       d=seg.2
 stx     et0.4, seg.2, eoff.4    ; 78EA u=et0.4,eoff.4,seg.2 d=(GLBLOW,LVARS,ARGS,GLBHIGH)
 mov     #0x78EF.4, ett.4        ; 78ED u=           d=ett.4
 nop                             ; 78ED u=
 nop                             ; 78ED u=
 icall   cs.2, ebp.4             ; 78ED u=ebp.4,cs.2,(rax.8,rcx.8,rdi.8,fst0.12,fst1.12,fst2.12,fst3.12,fst4.12,fst5.12,fst6.12,fst7.12,mm0.8,mm1.8,mm2.8,mm3.8,mm4.8,mm5.8,mm6.8,mm7.8,xmm0.16,xmm1.16,xmm2.16,xmm3.16,xmm4.16,xmm5.16,xmm6.16,xmm7.16,xmm8.16,xmm9.16,xmm10.16,xmm11.16,xmm12.16,xmm13.16,xmm14.16,xmm15.16,GLBLOW,LVARS,ARGS,GLBHIGH) d=(cf.1,zf.1,sf.1,of.1,pf.1,rax.8,ecx.4,fps.2,fst7.12,fl.1,c0.1,c2.1,c3.1,df.1,if.1,xmm0.16,ALLMEM)

; ????-BLOCK 5 PROP [START=78EF END=78FD] MINREFS: STK=0/ARG=34, MAXBSP: 4
; USE-DEF LISTS ARE NOT READY
 mov     al.1, t0.1              ; 78EF u=al.1       d=t0.1
 mov     esp.4, eoff.4           ; 78EF u=esp.4      d=eoff.4
 mov     ss.2, seg.2             ; 78EF u=ss.2       d=seg.2
 add     eoff.4, #0x17.4, eoff.4 ; 78EF u=eoff.4     d=eoff.4
 stx     t0.1, seg.2, eoff.4     ; 78EF u=t0.1,eoff.4,seg.2 d=(GLBLOW,LVARS,ARGS,GLBHIGH)
 mov     #0x6EBD5020.4, et1.4    ; 78F3 u=           d=et1.4
 mov     et1.4, eax.4            ; 78F3 u=et1.4      d=eax.4
 mov     #0x26CBC5F6.4, et1.4    ; 78F8 u=           d=et1.4
 mov     et1.4, ebp.4            ; 78F8 u=et1.4      d=ebp.4

; ????-BLOCK 6 PROP [START=78FD END=7904] MINREFS: STK=0/ARG=34, MAXBSP: 4
; USE-DEF LISTS ARE NOT READY
 mov     #0xAA0ED56C.4, et1.4    ; 78FD u=           d=et1.4
 mov     eax.4, et0.4            ; 78FD u=eax.4      d=et0.4
 setb    et0.4, et1.4, cf.1      ; 78FD u=et0.4,et1.4 d=cf.1
 seto    et0.4, et1.4, of.1      ; 78FD u=et0.4,et1.4 d=of.1
 sub     et0.4, et1.4, et0.4     ; 78FD u=et0.4,et1.4 d=et0.4
 setz    et0.4, #0.4, zf.1       ; 78FD u=et0.4      d=zf.1
 setp    et0.4, #0.4, pf.1       ; 78FD u=et0.4      d=pf.1
 sets    et0.4, sf.1             ; 78FD u=et0.4      d=sf.1
 mov     cs.2, seg.2             ; 7902 u=cs.2       d=seg.2
 mov     #0x7956.4, eoff.4       ; 7902 u=           d=eoff.4
 jcnd    zf.1, $loc_7956         ; 7902 u=zf.1

; ????-BLOCK 7 PROP [START=7904 END=790B] MINREFS: STK=0/ARG=34, MAXBSP: 4
; USE-DEF LISTS ARE NOT READY
 mov     #0x26CBC5F6.4, et1.4    ; 7904 u=           d=et1.4
 mov     eax.4, et0.4            ; 7904 u=eax.4      d=et0.4
 setb    et0.4, et1.4, cf.1      ; 7904 u=et0.4,et1.4 d=cf.1
 seto    et0.4, et1.4, of.1      ; 7904 u=et0.4,et1.4 d=of.1
 sub     et0.4, et1.4, et0.4     ; 7904 u=et0.4,et1.4 d=et0.4
 setz    et0.4, #0.4, zf.1       ; 7904 u=et0.4      d=zf.1
 setp    et0.4, #0.4, pf.1       ; 7904 u=et0.4      d=pf.1
 sets    et0.4, sf.1             ; 7904 u=et0.4      d=sf.1
 mov     cs.2, seg.2             ; 7909 u=cs.2       d=seg.2
 mov     #0x7928.4, eoff.4       ; 7909 u=           d=eoff.4
 jcnd    zf.1, $loc_7928         ; 7909 u=zf.1

; ????-BLOCK 8 PROP [START=790B END=7912] MINREFS: STK=0/ARG=34, MAXBSP: 4
; USE-DEF LISTS ARE NOT READY
 mov     #0x42345504.4, et1.4    ; 790B u=           d=et1.4
 mov     eax.4, et0.4            ; 790B u=eax.4      d=et0.4
 setb    et0.4, et1.4, cf.1      ; 790B u=et0.4,et1.4 d=cf.1
 seto    et0.4, et1.4, of.1      ; 790B u=et0.4,et1.4 d=of.1
 sub     et0.4, et1.4, et0.4     ; 790B u=et0.4,et1.4 d=et0.4
 setz    et0.4, #0.4, zf.1       ; 790B u=et0.4      d=zf.1
 setp    et0.4, #0.4, pf.1       ; 790B u=et0.4      d=pf.1
 sets    et0.4, sf.1             ; 790B u=et0.4      d=sf.1
 mov     cs.2, seg.2             ; 7910 u=cs.2       d=seg.2
 mov     #0x794F.4, eoff.4       ; 7910 u=           d=eoff.4
 jcnd    zf.1, $loc_794F         ; 7910 u=zf.1

; ????-BLOCK 9 PROP [START=7912 END=7919] MINREFS: STK=0/ARG=34, MAXBSP: 4
; USE-DEF LISTS ARE NOT READY
 mov     #0x6EBD5020.4, et1.4    ; 7912 u=           d=et1.4
 mov     eax.4, et0.4            ; 7912 u=eax.4      d=et0.4
 setb    et0.4, et1.4, cf.1      ; 7912 u=et0.4,et1.4 d=cf.1
 seto    et0.4, et1.4, of.1      ; 7912 u=et0.4,et1.4 d=of.1
 sub     et0.4, et1.4, et0.4     ; 7912 u=et0.4,et1.4 d=et0.4
 setz    et0.4, #0.4, zf.1       ; 7912 u=et0.4      d=zf.1
 setp    et0.4, #0.4, pf.1       ; 7912 u=et0.4      d=pf.1
 sets    et0.4, sf.1             ; 7912 u=et0.4      d=sf.1
 mov     cs.2, seg.2             ; 7917 u=cs.2       d=seg.2
 mov     #0x78FD.4, eoff.4       ; 7917 u=           d=eoff.4
 lnot    zf.1, tt.1              ; 7917 u=zf.1       d=tt.1
 jcnd    tt.1, $loc_78FD         ; 7917 u=tt.1

; ????-BLOCK 10 PROP [START=7919 END=7926] MINREFS: STK=0/ARG=34, MAXBSP: 4
; USE-DEF LISTS ARE NOT READY
 mov     esp.4, eoff.4           ; 7919 u=esp.4      d=eoff.4
 mov     ss.2, seg.2             ; 7919 u=ss.2       d=seg.2
 add     eoff.4, #0x17.4, eoff.4 ; 7919 u=eoff.4     d=eoff.4
 ldx     seg.2, eoff.4, t0.1     ; 7919 u=eoff.4,seg.2,(GLBLOW,LVARS,ARGS,GLBHIGH) d=t0.1
 mov     #0.1, t1.1              ; 7919 u=           d=t1.1
 setb    t0.1, t1.1, cf.1        ; 7919 u=t0.1,t1.1  d=cf.1
 seto    t0.1, t1.1, of.1        ; 7919 u=t0.1,t1.1  d=of.1
 sub     t0.1, t1.1, t0.1        ; 7919 u=t0.1,t1.1  d=t0.1
 setz    t0.1, #0.1, zf.1        ; 7919 u=t0.1       d=zf.1
 setp    t0.1, #0.1, pf.1        ; 7919 u=t0.1       d=pf.1
 sets    t0.1, sf.1              ; 7919 u=t0.1       d=sf.1
 mov     #0x42345504.4, et1.4    ; 791E u=           d=et1.4
 mov     et1.4, eax.4            ; 791E u=et1.4      d=eax.4
 lnot    zf.1, tt.1              ; 7923 u=zf.1       d=tt.1
 lnot    tt.1, tt.1              ; 7923 u=tt.1       d=tt.1
 jcnd    tt.1, $loc_7926         ; 7923 u=tt.1

; ????-BLOCK 11 PROP FAKE [START=7923 END=7926] MINREFS: STK=0/ARG=34, MAXBSP: 4
; USE-DEF LISTS ARE NOT READY
 mov     ebp.4, eax.4            ; 7923 u=ebp.4      d=eax.4

; ????-BLOCK 12 PROP [START=7926 END=7928] MINREFS: STK=0/ARG=34, MAXBSP: 4
; USE-DEF LISTS ARE NOT READY
 mov     cs.2, seg.2             ; 7926 u=cs.2       d=seg.2
 mov     #0x78FD.4, eoff.4       ; 7926 u=           d=eoff.4
 goto    $loc_78FD               ; 7926 u=

; ????-BLOCK 13 PROP PUSH [START=7928 END=7934] MINREFS: STK=0/ARG=34, MAXBSP: 4
; USE-DEF LISTS ARE NOT READY
 mov     #4.4, et1.4             ; 7928 u=           d=et1.4
 mov     et1.4, et0.4            ; 7928 u=et1.4      d=et0.4
 mov     esp.4, eoff.4           ; 7928 u=esp.4      d=eoff.4
 mov     ss.2, seg.2             ; 7928 u=ss.2       d=seg.2
 stx     et0.4, seg.2, eoff.4    ; 7928 u=et0.4,eoff.4,seg.2 d=(GLBLOW,LVARS,ARGS,GLBHIGH)
 mov     #0x7934.4, ett.4        ; 792F u=           d=ett.4
 nop                             ; 792F u=
 nop                             ; 792F u=
 mov     cs.2, seg.2             ; 792F u=cs.2       d=seg.2
 mov     #0x4030.4, eoff.4       ; 792F u=           d=eoff.4
 call    $sub_4030               ; 792F u=(rax.8,rcx.8,ebp.4,rdi.8,fst0.12,fst1.12,fst2.12,fst3.12,fst4.12,fst5.12,fst6.12,fst7.12,mm0.8,mm1.8,mm2.8,mm3.8,mm4.8,mm5.8,mm6.8,mm7.8,xmm0.16,xmm1.16,xmm2.16,xmm3.16,xmm4.16,xmm5.16,xmm6.16,xmm7.16,xmm8.16,xmm9.16,xmm10.16,xmm11.16,xmm12.16,xmm13.16,xmm14.16,xmm15.16,GLBLOW,LVARS,ARGS,GLBHIGH) d=(cf.1,zf.1,sf.1,of.1,pf.1,rax.8,ecx.4,fps.2,fst7.12,fl.1,c0.1,c2.1,c3.1,df.1,if.1,xmm0.16,ALLMEM)

; ????-BLOCK 14 PROP PUSH [START=7934 END=794F] MINREFS: STK=0/ARG=34, MAXBSP: 4
; USE-DEF LISTS ARE NOT READY
 mov     edi.4, et0.4            ; 7934 u=edi.4      d=et0.4
 mov     eax.4, eoff.4           ; 7934 u=eax.4      d=eoff.4
 mov     ds.2, seg.2             ; 7934 u=ds.2       d=seg.2
 stx     et0.4, seg.2, eoff.4    ; 7934 u=et0.4,eoff.4,seg.2 d=(GLBLOW,LVARS,ARGS,GLBHIGH)
 mov     esp.4, eoff.4           ; 7936 u=esp.4      d=eoff.4
 mov     ss.2, seg.2             ; 7936 u=ss.2       d=seg.2
 add     eoff.4, #0x18.4, eoff.4 ; 7936 u=eoff.4     d=eoff.4
 ldx     seg.2, eoff.4, et1.4    ; 7936 u=eoff.4,seg.2,(GLBLOW,LVARS,ARGS,GLBHIGH) d=et1.4
 mov     et1.4, ecx.4            ; 7936 u=et1.4      d=ecx.4
 mov     ecx.4, eoff.4           ; 793A u=ecx.4      d=eoff.4
 mov     ds.2, seg.2             ; 793A u=ds.2       d=seg.2
 ldx     seg.2, eoff.4, et1.4    ; 793A u=eoff.4,seg.2,(GLBLOW,LVARS,ARGS,GLBHIGH) d=et1.4
 mov     et1.4, ecx.4            ; 793A u=et1.4      d=ecx.4
 mov     ecx.4, eoff.4           ; 793C u=ecx.4      d=eoff.4
 mov     ds.2, seg.2             ; 793C u=ds.2       d=seg.2
 ldx     seg.2, eoff.4, et1.4    ; 793C u=eoff.4,seg.2,(GLBLOW,LVARS,ARGS,GLBHIGH) d=et1.4
 mov     et1.4, ecx.4            ; 793C u=et1.4      d=ecx.4
 mov     esp.4, eoff.4           ; 793E u=esp.4      d=eoff.4
 mov     ss.2, seg.2             ; 793E u=ss.2       d=seg.2
 add     eoff.4, #0x18.4, eoff.4 ; 793E u=eoff.4     d=eoff.4
 ldx     seg.2, eoff.4, et1.4    ; 793E u=eoff.4,seg.2,(GLBLOW,LVARS,ARGS,GLBHIGH) d=et1.4
 mov     et1.4, edx.4            ; 793E u=et1.4      d=edx.4
 mov     esi.4, et0.4            ; 7942 u=esi.4      d=et0.4
 mov     esp.4, eoff.4           ; 7942 u=esp.4      d=eoff.4
 mov     ss.2, seg.2             ; 7942 u=ss.2       d=seg.2
 add     eoff.4, #8.4, eoff.4    ; 7942 u=eoff.4     d=eoff.4
 stx     et0.4, seg.2, eoff.4    ; 7942 u=et0.4,eoff.4,seg.2 d=(GLBLOW,LVARS,ARGS,GLBHIGH)
 mov     eax.4, et0.4            ; 7946 u=eax.4      d=et0.4
 mov     esp.4, eoff.4           ; 7946 u=esp.4      d=eoff.4
 mov     ss.2, seg.2             ; 7946 u=ss.2       d=seg.2
 add     eoff.4, #4.4, eoff.4    ; 7946 u=eoff.4     d=eoff.4
 stx     et0.4, seg.2, eoff.4    ; 7946 u=et0.4,eoff.4,seg.2 d=(GLBLOW,LVARS,ARGS,GLBHIGH)
 mov     edx.4, et0.4            ; 794A u=edx.4      d=et0.4
 mov     esp.4, eoff.4           ; 794A u=esp.4      d=eoff.4
 mov     ss.2, seg.2             ; 794A u=ss.2       d=seg.2
 stx     et0.4, seg.2, eoff.4    ; 794A u=et0.4,eoff.4,seg.2 d=(GLBLOW,LVARS,ARGS,GLBHIGH)
 mov     #0x794F.4, ett.4        ; 794D u=           d=ett.4
 nop                             ; 794D u=
 nop                             ; 794D u=
 icall   cs.2, ecx.4             ; 794D u=ecx.4,cs.2,(rax.8,ebx.4,ebp.4,rdi.8,fst0.12,fst1.12,fst2.12,fst3.12,fst4.12,fst5.12,fst6.12,fst7.12,mm0.8,mm1.8,mm2.8,mm3.8,mm4.8,mm5.8,mm6.8,mm7.8,xmm0.16,xmm1.16,xmm2.16,xmm3.16,xmm4.16,xmm5.16,xmm6.16,xmm7.16,xmm8.16,xmm9.16,xmm10.16,xmm11.16,xmm12.16,xmm13.16,xmm14.16,xmm15.16,GLBLOW,LVARS,ARGS,GLBHIGH) d=(cf.1,zf.1,sf.1,of.1,pf.1,rax.8,ecx.4,fps.2,fst7.12,fl.1,c0.1,c2.1,c3.1,df.1,if.1,xmm0.16,ALLMEM)

; ????-BLOCK 15 PROP [START=794F END=7956] MINREFS: STK=0/ARG=34, MAXBSP: 4
; USE-DEF LISTS ARE NOT READY
 mov     #0xAA0ED56C.4, et1.4    ; 794F u=           d=et1.4
 mov     et1.4, eax.4            ; 794F u=et1.4      d=eax.4
 mov     cs.2, seg.2             ; 7954 u=cs.2       d=seg.2
 mov     #0x78FD.4, eoff.4       ; 7954 u=           d=eoff.4
 goto    $loc_78FD               ; 7954 u=

; ????-BLOCK 16 PROP PUSH [START=7956 END=795E] MINREFS: STK=0/ARG=34, MAXBSP: 30
; USE-DEF LISTS ARE NOT READY
 nop                             ; 795D u=
 pop     eoff.4                  ; 795D u=esp.4,RET  d=esp.4,eoff.4
 mov     cs.2, seg.2             ; 795D u=cs.2       d=seg.2
 ijmp    seg.2, eoff.4           ; 795D u=eoff.4,seg.2

; STOP-BLOCK 17 PROP FAKE [START=FFFFFFFF END=FFFFFFFF] MINREFS: STK=0/ARG=34, MAXBSP: 0

