2022-10-18 16:40:47,141 - D810.plugin - INFO - Z3 features disabled. Install Z3 to enable them
2022-10-18 16:40:47,219 - D810.plugin - INFO - Z3 features disabled. Install Z3 to enable them
2022-10-18 16:40:47,220 - D810 - DEBUG - Rule configurations loaded: [<d810.conf.ProjectConfiguration object at 0x7ff1f9ff0190>, <d810.conf.ProjectConfiguration object at 0x7ff1f9ff3f10>, <d810.conf.ProjectConfiguration object at 0x7ff1f8feef20>, <d810.conf.ProjectConfiguration object at 0x7ff1f9fae320>, <d810.conf.ProjectConfiguration object at 0x7ff1fa306950>]
2022-10-18 16:40:47,329 - D810 - DEBUG - Instruction rules configured
2022-10-18 16:40:47,331 - D810 - DEBUG - Block rules configured
2022-10-18 16:40:47,331 - D810 - DEBUG - Project loaded.
2022-10-18 16:40:53,126 - D810 - DEBUG - Reloading manager...
2022-10-18 16:40:53,309 - D810.optimizer - INFO - Adding cfg rule <d810.optimizers.flow.jumps.handler.JumpFixer object at 0x7ff1f9ff1db0>
2022-10-18 16:41:12,134 - D810 - DEBUG - Removing InstructionOptimizer...
2022-10-18 16:41:12,135 - D810 - DEBUG - Removing ControlFlowFixer...
2022-10-18 16:41:12,135 - D810 - DEBUG - Removing HexraysDecompilationHook...
2022-10-18 16:41:12,135 - D810 - DEBUG - Reloading manager...
2022-10-18 16:41:12,326 - D810.optimizer - INFO - Adding cfg rule <d810.optimizers.flow.jumps.handler.JumpFixer object at 0x7ff1f9ff1db0>
2022-10-18 16:41:52,529 - D810 - INFO - Starting decompilation of function at 0x786b
2022-10-18 16:41:52,530 - D810 - DEBUG - Instruction optimization function called at maturity: MMAT_ZERO
2022-10-18 16:41:52,530 - D810.helper - INFO - Dumping microcode in file /home/deadeert/.idapro/plugins/d810_logs/786b_maturity_0_input_instruction_optimizer.log...
2022-10-18 16:41:52,534 - D810 - DEBUG - Instruction optimization function called at maturity: MMAT_GENERATED
2022-10-18 16:41:52,534 - D810.helper - INFO - Dumping microcode in file /home/deadeert/.idapro/plugins/d810_logs/786b_maturity_1_input_instruction_optimizer.log...
2022-10-18 16:41:52,546 - D810 - DEBUG - Instruction optimization function called at maturity: MMAT_PREOPTIMIZED
2022-10-18 16:41:52,546 - D810.helper - INFO - Dumping microcode in file /home/deadeert/.idapro/plugins/d810_logs/786b_maturity_2_input_instruction_optimizer.log...
2022-10-18 16:41:52,584 - D810 - DEBUG - BlockOptimizer called at maturity: MMAT_LOCOPT
2022-10-18 16:41:52,585 - D810 - DEBUG - Instruction optimization function called at maturity: MMAT_LOCOPT
2022-10-18 16:41:52,585 - D810.helper - INFO - Dumping microcode in file /home/deadeert/.idapro/plugins/d810_logs/786b_maturity_3_input_instruction_optimizer.log...
2022-10-18 16:41:52,617 - D810.optimizer - ERROR - D810Exception during rule <d810.optimizers.instructions.z3.predicates.Z3setzRuleGeneric object at 0x7ff1f9f9d2d0> for instruction  setz     (eax.4{18}+#0x55F12A94.4) {19}, #0.4, zf.1: Z3 is not installed
2022-10-18 16:41:52,618 - D810.optimizer - ERROR - D810Exception during rule <d810.optimizers.instructions.z3.predicates.Z3setzRuleGeneric object at 0x7ff1f9f9d2d0> for instruction  setz     (eax.4{18}+#0x55F12A94.4) {19}, #0.4, zf.1: Z3 is not installed
2022-10-18 16:41:52,622 - D810.optimizer - ERROR - D810Exception during rule <d810.optimizers.instructions.z3.predicates.Z3setzRuleGeneric object at 0x7ff1f9f9d2d0> for instruction  setz    eax.4{20}, #0x26CBC5F6.4, zf.1: Z3 is not installed
2022-10-18 16:41:52,622 - D810.optimizer - ERROR - D810Exception during rule <d810.optimizers.instructions.z3.predicates.Z3setzRuleGeneric object at 0x7ff1f9f9d2d0> for instruction  setz    eax.4{20}, #0x26CBC5F6.4, zf.1: Z3 is not installed
2022-10-18 16:41:52,625 - D810.optimizer - ERROR - D810Exception during rule <d810.optimizers.instructions.z3.predicates.Z3setzRuleGeneric object at 0x7ff1f9f9d2d0> for instruction  setz    eax.4{21}, #0x42345504.4, zf.1: Z3 is not installed
2022-10-18 16:41:52,626 - D810.optimizer - ERROR - D810Exception during rule <d810.optimizers.instructions.z3.predicates.Z3setzRuleGeneric object at 0x7ff1f9f9d2d0> for instruction  setz    eax.4{21}, #0x42345504.4, zf.1: Z3 is not installed
2022-10-18 16:41:52,629 - D810.optimizer - ERROR - D810Exception during rule <d810.optimizers.instructions.z3.predicates.Z3setzRuleGeneric object at 0x7ff1f9f9d2d0> for instruction  setz    eax.4{22}, #0x6EBD5020.4, zf.1: Z3 is not installed
2022-10-18 16:41:52,629 - D810.optimizer - ERROR - D810Exception during rule <d810.optimizers.instructions.z3.predicates.Z3setzRuleGeneric object at 0x7ff1f9f9d2d0> for instruction  setz    eax.4{22}, #0x6EBD5020.4, zf.1: Z3 is not installed
2022-10-18 16:41:52,632 - D810.optimizer - ERROR - D810Exception during rule <d810.optimizers.instructions.z3.predicates.Z3setzRuleGeneric object at 0x7ff1f9f9d2d0> for instruction  setz    %var_15.1{23}, #0.1, zf.1: Z3 is not installed
2022-10-18 16:41:52,632 - D810.optimizer - ERROR - D810Exception during rule <d810.optimizers.instructions.z3.predicates.Z3setzRuleGeneric object at 0x7ff1f9f9d2d0> for instruction  setz    %var_15.1{23}, #0.1, zf.1: Z3 is not installed
2022-10-18 16:41:52,680 - D810 - DEBUG - Instruction optimization function called at maturity: MMAT_CALLS
2022-10-18 16:41:52,680 - D810.helper - INFO - Dumping microcode in file /home/deadeert/.idapro/plugins/d810_logs/786b_maturity_4_input_instruction_optimizer.log...
2022-10-18 16:41:52,706 - D810 - DEBUG - BlockOptimizer called at maturity: MMAT_CALLS
2022-10-18 16:41:52,717 - D810 - DEBUG - Instruction optimization function called at maturity: MMAT_GLBOPT1
2022-10-18 16:41:52,717 - D810.helper - INFO - Dumping microcode in file /home/deadeert/.idapro/plugins/d810_logs/786b_maturity_5_input_instruction_optimizer.log...
2022-10-18 16:41:52,726 - D810 - DEBUG - BlockOptimizer called at maturity: MMAT_GLBOPT1
2022-10-18 16:41:52,727 - D810 - DEBUG - BlockOptimizer called at maturity: MMAT_GLBOPT2
2022-10-18 16:41:52,728 - D810 - INFO - glbopt finished for function at 0x786b
2022-10-18 18:39:24,091 - D810 - DEBUG - Removing InstructionOptimizer...
2022-10-18 18:39:24,091 - D810 - DEBUG - Removing ControlFlowFixer...
2022-10-18 18:39:24,091 - D810 - DEBUG - Removing HexraysDecompilationHook...
